<?xml version="1.0" encoding="UTF-8"?>
<!-- Generated by org.testng.reporters.JUnitReportReporter -->
<testsuite skipped="0" hostname="LAPTOP-OI9FLFD4" name="Pages.VanillaCode" tests="1" failures="0" timestamp="2020-08-30T03:32:13 IST" time="26.693" errors="0">
  <testcase name="vanilla" time="26.693" classname="Pages.VanillaCode"/>
</testsuite> <!-- Pages.VanillaCode -->
