<?xml version="1.0" encoding="UTF-8"?>
<!-- Generated by org.testng.reporters.JUnitReportReporter -->
<testsuite skipped="0" hostname="LAPTOP-OI9FLFD4" name="testCases.HomePageTest" tests="1" failures="0" timestamp="2020-08-30T19:51:34 IST" time="25.302" errors="0">
  <testcase name="runVerifyFounderAndChairmanNameInHclCorporationPage" time="25.302" classname="testCases.HomePageTest"/>
</testsuite> <!-- testCases.HomePageTest -->
